<?xml version="1.0" encoding="UTF-8"?>
<testsuite xmlns:xsi="http://www.w3.org/2001/XMLSchema-instance" xsi:noNamespaceSchemaLocation="https://maven.apache.org/surefire/maven-surefire-plugin/xsd/surefire-test-report.xsd" version="3.0.2" name="br.com.algaworks.documentacao.UniversoGeekApplicationTests" time="3.296" tests="1" errors="0" skipped="0" failures="0">
  <properties>
[...]
</properties>
  <testcase name="contextLoads" classname="br.com.algaworks.documentacao.UniversoGeekApplicationTests" time="0.895">
    <system-out><![CDATA[14:58:24.758 [main] INFO org.springframework.test.context.support.AnnotationConfigContextLoaderUtils -- Could not detect default configuration classes for test class [br.com.algaworks.documentacao.UniversoGeekApplicationTests]: UniversoGeekApplicationTests does not declare any static, non-private, non-final, nested classes annotated with @Configuration.
14:58:24.906 [main] INFO org.springframework.boot.test.context.SpringBootTestContextBootstrapper -- Found @SpringBootConfiguration br.com.algaworks.documentacao.UniversoGeekApplication for test class br.com.algaworks.documentacao.UniversoGeekApplicationTests

  .   ____          _            __ _ _
 /\\ / ___'_ __ _ _(_)_ __  __ _ \ \ \ \
( ( )\___ | '_ | '_| | '_ \/ _` | \ \ \ \
 \\/  ___)| |_)| | | | | || (_| |  ) ) ) )
  '  |____| .__|_| |_|_| |_\__, | / / / /
 =========|_|==============|___/=/_/_/_/

 :: Spring Boot ::                (v3.4.5)

2025-04-27T14:58:25.553-03:00  INFO 22148 --- [Universo Geek] [           main] b.c.a.d.UniversoGeekApplicationTests     : Starting UniversoGeekApplicationTests using Java 21.0.7 with PID 22148 (started by jacks in C:\Desenvolvimento\AlgaWorks\spring_boot\Universo Geek)
2025-04-27T14:58:25.555-03:00  INFO 22148 --- [Universo Geek] [           main] b.c.a.d.UniversoGeekApplicationTests     : No active profile set, falling back to 1 default profile: "default"
2025-04-27T14:58:26.957-03:00  INFO 22148 --- [Universo Geek] [           main] b.c.a.d.UniversoGeekApplicationTests     : Started UniversoGeekApplicationTests in 1.83 seconds (process running for 3.674)
]]></system-out>
    <system-err><![CDATA[Mockito is currently self-attaching to enable the inline-mock-maker. This will no longer work in future releases of the JDK. Please add Mockito as an agent to your build what is described in Mockito's documentation: https://javadoc.io/doc/org.mockito/mockito-core/latest/org/mockito/Mockito.html#0.3
WARNING: A Java agent has been loaded dynamically (C:\Users\jacks\.m2\repository\net\bytebuddy\byte-buddy-agent\1.15.11\byte-buddy-agent-1.15.11.jar)
WARNING: If a serviceability tool is in use, please run with -XX:+EnableDynamicAgentLoading to hide this warning
WARNING: If a serviceability tool is not in use, please run with -Djdk.instrument.traceUsage for more information
WARNING: Dynamic loading of agents will be disallowed by default in a future release
]]></system-err>
  </testcase>
</testsuite>